2026-06-13 09:46:36 [ERROR   ] scraper_api.requests — [628e75f1] FAIL POST /scrape -- unhandled exception after 98073ms: No credits remaining.
Traceback (most recent call last):
  File "C:\Users\Pc\Documents\My Repos\scraper_api\app.py", line 141, in _request_logging_middleware
    response = await call_next(request)
               ^^^^^^^^^^^^^^^^^^^^^^^^
  File "C:\Users\Pc\AppData\Local\Python\pythoncore-3.12-64\Lib\site-packages\starlette\middleware\base.py", line 168, in call_next
    raise app_exc from app_exc.__cause__ or app_exc.__context__
  File "C:\Users\Pc\AppData\Local\Python\pythoncore-3.12-64\Lib\site-packages\starlette\middleware\base.py", line 144, in coro
    await self.app(scope, receive_or_disconnect, send_no_error)
  File "C:\Users\Pc\AppData\Local\Python\pythoncore-3.12-64\Lib\site-packages\starlette\middleware\gzip.py", line 29, in __call__
    await responder(scope, receive, send)
  File "C:\Users\Pc\AppData\Local\Python\pythoncore-3.12-64\Lib\site-packages\starlette\middleware\gzip.py", line 130, in __call__
    await super().__call__(scope, receive, send)
  File "C:\Users\Pc\AppData\Local\Python\pythoncore-3.12-64\Lib\site-packages\starlette\middleware\gzip.py", line 46, in __call__
    await self.app(scope, receive, self.send_with_compression)
  File "C:\Users\Pc\AppData\Local\Python\pythoncore-3.12-64\Lib\site-packages\starlette\middleware\cors.py", line 87, in __call__
    await self.app(scope, receive, send)
  File "C:\Users\Pc\AppData\Local\Python\pythoncore-3.12-64\Lib\site-packages\starlette\middleware\exceptions.py", line 63, in __call__
    await wrap_app_handling_exceptions(self.app, conn)(scope, receive, send)
  File "C:\Users\Pc\AppData\Local\Python\pythoncore-3.12-64\Lib\site-packages\starlette\_exception_handler.py", line 53, in wrapped_app
    raise exc
  File "C:\Users\Pc\AppData\Local\Python\pythoncore-3.12-64\Lib\site-packages\starlette\_exception_handler.py", line 42, in wrapped_app
    await app(scope, receive, sender)
  File "C:\Users\Pc\AppData\Local\Python\pythoncore-3.12-64\Lib\site-packages\fastapi\middleware\asyncexitstack.py", line 18, in __call__
    await self.app(scope, receive, send)
  File "C:\Users\Pc\AppData\Local\Python\pythoncore-3.12-64\Lib\site-packages\starlette\routing.py", line 716, in __call__
    await self.middleware_stack(scope, receive, send)
  File "C:\Users\Pc\AppData\Local\Python\pythoncore-3.12-64\Lib\site-packages\starlette\routing.py", line 736, in app
    await route.handle(scope, receive, send)
  File "C:\Users\Pc\AppData\Local\Python\pythoncore-3.12-64\Lib\site-packages\starlette\routing.py", line 290, in handle
    await self.app(scope, receive, send)
  File "C:\Users\Pc\AppData\Local\Python\pythoncore-3.12-64\Lib\site-packages\fastapi\routing.py", line 130, in app
    await wrap_app_handling_exceptions(app, request)(scope, receive, send)
  File "C:\Users\Pc\AppData\Local\Python\pythoncore-3.12-64\Lib\site-packages\starlette\_exception_handler.py", line 53, in wrapped_app
    raise exc
  File "C:\Users\Pc\AppData\Local\Python\pythoncore-3.12-64\Lib\site-packages\starlette\_exception_handler.py", line 42, in wrapped_app
    await app(scope, receive, sender)
  File "C:\Users\Pc\AppData\Local\Python\pythoncore-3.12-64\Lib\site-packages\fastapi\routing.py", line 116, in app
    response = await f(request)
               ^^^^^^^^^^^^^^^^
  File "C:\Users\Pc\AppData\Local\Python\pythoncore-3.12-64\Lib\site-packages\fastapi\routing.py", line 670, in app
    raw_response = await run_endpoint_function(
                   ^^^^^^^^^^^^^^^^^^^^^^^^^^^^
  File "C:\Users\Pc\AppData\Local\Python\pythoncore-3.12-64\Lib\site-packages\fastapi\routing.py", line 324, in run_endpoint_function
    return await dependant.call(**values)
           ^^^^^^^^^^^^^^^^^^^^^^^^^^^^^^
  File "C:\Users\Pc\Documents\My Repos\scraper_api\app.py", line 206, in scrape_endpoint
    new_balance = await deduct_credit()
                  ^^^^^^^^^^^^^^^^^^^^^
  File "C:\Users\Pc\Documents\My Repos\scraper_api\database.py", line 336, in deduct_credit
    raise ValueError("No credits remaining.")
ValueError: No credits remaining.
2026-06-13 09:46:36 [ERROR   ] app — Unhandled exception: No credits remaining.
Traceback (most recent call last):
  File "C:\Users\Pc\AppData\Local\Python\pythoncore-3.12-64\Lib\site-packages\starlette\middleware\errors.py", line 164, in __call__
    await self.app(scope, receive, _send)
  File "C:\Users\Pc\AppData\Local\Python\pythoncore-3.12-64\Lib\site-packages\starlette\middleware\base.py", line 191, in __call__
    with recv_stream, send_stream, collapse_excgroups():
                                   ^^^^^^^^^^^^^^^^^^^^
  File "C:\Users\Pc\AppData\Local\Python\pythoncore-3.12-64\Lib\contextlib.py", line 158, in __exit__
    self.gen.throw(value)
  File "C:\Users\Pc\AppData\Local\Python\pythoncore-3.12-64\Lib\site-packages\starlette\_utils.py", line 87, in collapse_excgroups
    raise exc
  File "C:\Users\Pc\AppData\Local\Python\pythoncore-3.12-64\Lib\site-packages\starlette\middleware\base.py", line 193, in __call__
    response = await self.dispatch_func(request, call_next)
               ^^^^^^^^^^^^^^^^^^^^^^^^^^^^^^^^^^^^^^^^^^^^
  File "C:\Users\Pc\Documents\My Repos\scraper_api\app.py", line 141, in _request_logging_middleware
    response = await call_next(request)
               ^^^^^^^^^^^^^^^^^^^^^^^^
  File "C:\Users\Pc\AppData\Local\Python\pythoncore-3.12-64\Lib\site-packages\starlette\middleware\base.py", line 168, in call_next
    raise app_exc from app_exc.__cause__ or app_exc.__context__
  File "C:\Users\Pc\AppData\Local\Python\pythoncore-3.12-64\Lib\site-packages\starlette\middleware\base.py", line 144, in coro
    await self.app(scope, receive_or_disconnect, send_no_error)
  File "C:\Users\Pc\AppData\Local\Python\pythoncore-3.12-64\Lib\site-packages\starlette\middleware\gzip.py", line 29, in __call__
    await responder(scope, receive, send)
  File "C:\Users\Pc\AppData\Local\Python\pythoncore-3.12-64\Lib\site-packages\starlette\middleware\gzip.py", line 130, in __call__
    await super().__call__(scope, receive, send)
  File "C:\Users\Pc\AppData\Local\Python\pythoncore-3.12-64\Lib\site-packages\starlette\middleware\gzip.py", line 46, in __call__
    await self.app(scope, receive, self.send_with_compression)
  File "C:\Users\Pc\AppData\Local\Python\pythoncore-3.12-64\Lib\site-packages\starlette\middleware\cors.py", line 87, in __call__
    await self.app(scope, receive, send)
  File "C:\Users\Pc\AppData\Local\Python\pythoncore-3.12-64\Lib\site-packages\starlette\middleware\exceptions.py", line 63, in __call__
    await wrap_app_handling_exceptions(self.app, conn)(scope, receive, send)
  File "C:\Users\Pc\AppData\Local\Python\pythoncore-3.12-64\Lib\site-packages\starlette\_exception_handler.py", line 53, in wrapped_app
    raise exc
  File "C:\Users\Pc\AppData\Local\Python\pythoncore-3.12-64\Lib\site-packages\starlette\_exception_handler.py", line 42, in wrapped_app
    await app(scope, receive, sender)
  File "C:\Users\Pc\AppData\Local\Python\pythoncore-3.12-64\Lib\site-packages\fastapi\middleware\asyncexitstack.py", line 18, in __call__
    await self.app(scope, receive, send)
  File "C:\Users\Pc\AppData\Local\Python\pythoncore-3.12-64\Lib\site-packages\starlette\routing.py", line 716, in __call__
    await self.middleware_stack(scope, receive, send)
  File "C:\Users\Pc\AppData\Local\Python\pythoncore-3.12-64\Lib\site-packages\starlette\routing.py", line 736, in app
    await route.handle(scope, receive, send)
  File "C:\Users\Pc\AppData\Local\Python\pythoncore-3.12-64\Lib\site-packages\starlette\routing.py", line 290, in handle
    await self.app(scope, receive, send)
  File "C:\Users\Pc\AppData\Local\Python\pythoncore-3.12-64\Lib\site-packages\fastapi\routing.py", line 130, in app
    await wrap_app_handling_exceptions(app, request)(scope, receive, send)
  File "C:\Users\Pc\AppData\Local\Python\pythoncore-3.12-64\Lib\site-packages\starlette\_exception_handler.py", line 53, in wrapped_app
    raise exc
  File "C:\Users\Pc\AppData\Local\Python\pythoncore-3.12-64\Lib\site-packages\starlette\_exception_handler.py", line 42, in wrapped_app
    await app(scope, receive, sender)
  File "C:\Users\Pc\AppData\Local\Python\pythoncore-3.12-64\Lib\site-packages\fastapi\routing.py", line 116, in app
    response = await f(request)
               ^^^^^^^^^^^^^^^^
  File "C:\Users\Pc\AppData\Local\Python\pythoncore-3.12-64\Lib\site-packages\fastapi\routing.py", line 670, in app
    raw_response = await run_endpoint_function(
                   ^^^^^^^^^^^^^^^^^^^^^^^^^^^^
  File "C:\Users\Pc\AppData\Local\Python\pythoncore-3.12-64\Lib\site-packages\fastapi\routing.py", line 324, in run_endpoint_function
    return await dependant.call(**values)
           ^^^^^^^^^^^^^^^^^^^^^^^^^^^^^^
  File "C:\Users\Pc\Documents\My Repos\scraper_api\app.py", line 206, in scrape_endpoint
    new_balance = await deduct_credit()
                  ^^^^^^^^^^^^^^^^^^^^^
  File "C:\Users\Pc\Documents\My Repos\scraper_api\database.py", line 336, in deduct_credit
    raise ValueError("No credits remaining.")
ValueError: No credits remaining.
